\BOOKMARK [0][-]{chapter.1}{\376\377\000I\000n\000t\000r\000o\000d\000u\000c\000t\000i\000o\000n}{}% 1
\BOOKMARK [1][-]{section.1.1}{\376\377\000A\000b\000o\000u\000t\000\040\000T\000h\000i\000s\000\040\000G\000u\000i\000d\000e}{chapter.1}% 2
\BOOKMARK [1][-]{section.1.2}{\376\377\000C\000e\000r\000t\000i\000f\000i\000c\000a\000t\000i\000o\000n\000\040\000O\000v\000e\000r\000v\000i\000e\000w}{chapter.1}% 3
\BOOKMARK [1][-]{section.1.3}{\376\377\000E\000x\000a\000m\000\040\000D\000o\000m\000a\000i\000n\000\040\000B\000r\000e\000a\000k\000d\000o\000w\000n}{chapter.1}% 4
\BOOKMARK [1][-]{section.1.4}{\376\377\000T\000a\000r\000g\000e\000t\000\040\000A\000u\000d\000i\000e\000n\000c\000e}{chapter.1}% 5
\BOOKMARK [0][-]{chapter.2}{\376\377\000D\000o\000m\000a\000i\000n\000\040\0001\000:\000\040\000C\000l\000o\000u\000d\000\040\000C\000o\000n\000c\000e\000p\000t\000s\000\040\000\050\0002\0004\000\045\000\051}{}% 6
\BOOKMARK [1][-]{section.2.1}{\376\377\000W\000h\000a\000t\000\040\000i\000s\000\040\000C\000l\000o\000u\000d\000\040\000C\000o\000m\000p\000u\000t\000i\000n\000g\000?}{chapter.2}% 7
\BOOKMARK [2][-]{subsection.2.1.1}{\376\377\000D\000e\000f\000i\000n\000i\000t\000i\000o\000n}{section.2.1}% 8
\BOOKMARK [2][-]{subsection.2.1.2}{\376\377\000S\000i\000x\000\040\000A\000d\000v\000a\000n\000t\000a\000g\000e\000s\000\040\000o\000f\000\040\000C\000l\000o\000u\000d\000\040\000C\000o\000m\000p\000u\000t\000i\000n\000g}{section.2.1}% 9
\BOOKMARK [1][-]{section.2.2}{\376\377\000C\000l\000o\000u\000d\000\040\000C\000o\000m\000p\000u\000t\000i\000n\000g\000\040\000M\000o\000d\000e\000l\000s}{chapter.2}% 10
\BOOKMARK [2][-]{subsection.2.2.1}{\376\377\000I\000n\000f\000r\000a\000s\000t\000r\000u\000c\000t\000u\000r\000e\000\040\000a\000s\000\040\000a\000\040\000S\000e\000r\000v\000i\000c\000e\000\040\000\050\000I\000a\000a\000S\000\051}{section.2.2}% 11
\BOOKMARK [2][-]{subsection.2.2.2}{\376\377\000P\000l\000a\000t\000f\000o\000r\000m\000\040\000a\000s\000\040\000a\000\040\000S\000e\000r\000v\000i\000c\000e\000\040\000\050\000P\000a\000a\000S\000\051}{section.2.2}% 12
\BOOKMARK [2][-]{subsection.2.2.3}{\376\377\000S\000o\000f\000t\000w\000a\000r\000e\000\040\000a\000s\000\040\000a\000\040\000S\000e\000r\000v\000i\000c\000e\000\040\000\050\000S\000a\000a\000S\000\051}{section.2.2}% 13
\BOOKMARK [1][-]{section.2.3}{\376\377\000C\000l\000o\000u\000d\000\040\000D\000e\000p\000l\000o\000y\000m\000e\000n\000t\000\040\000M\000o\000d\000e\000l\000s}{chapter.2}% 14
\BOOKMARK [2][-]{subsection.2.3.1}{\376\377\000C\000l\000o\000u\000d\000\040\000\050\000P\000u\000b\000l\000i\000c\000\040\000C\000l\000o\000u\000d\000\051}{section.2.3}% 15
\BOOKMARK [2][-]{subsection.2.3.2}{\376\377\000H\000y\000b\000r\000i\000d}{section.2.3}% 16
\BOOKMARK [2][-]{subsection.2.3.3}{\376\377\000O\000n\000-\000P\000r\000e\000m\000i\000s\000e\000s\000\040\000\050\000P\000r\000i\000v\000a\000t\000e\000\040\000C\000l\000o\000u\000d\000\051}{section.2.3}% 17
\BOOKMARK [1][-]{section.2.4}{\376\377\000A\000W\000S\000\040\000W\000e\000l\000l\000-\000A\000r\000c\000h\000i\000t\000e\000c\000t\000e\000d\000\040\000F\000r\000a\000m\000e\000w\000o\000r\000k}{chapter.2}% 18
\BOOKMARK [2][-]{subsection.2.4.1}{\376\377\000S\000i\000x\000\040\000P\000i\000l\000l\000a\000r\000s}{section.2.4}% 19
\BOOKMARK [1][-]{section.2.5}{\376\377\000C\000l\000o\000u\000d\000\040\000E\000c\000o\000n\000o\000m\000i\000c\000s}{chapter.2}% 20
\BOOKMARK [2][-]{subsection.2.5.1}{\376\377\000T\000o\000t\000a\000l\000\040\000C\000o\000s\000t\000\040\000o\000f\000\040\000O\000w\000n\000e\000r\000s\000h\000i\000p\000\040\000\050\000T\000C\000O\000\051}{section.2.5}% 21
\BOOKMARK [2][-]{subsection.2.5.2}{\376\377\000C\000a\000p\000i\000t\000a\000l\000\040\000E\000x\000p\000e\000n\000d\000i\000t\000u\000r\000e\000\040\000\050\000C\000a\000p\000E\000x\000\051\000\040\000v\000s\000.\000\040\000O\000p\000e\000r\000a\000t\000i\000o\000n\000a\000l\000\040\000E\000x\000p\000e\000n\000d\000i\000t\000u\000r\000e\000\040\000\050\000O\000p\000E\000x\000\051}{section.2.5}% 22
\BOOKMARK [2][-]{subsection.2.5.3}{\376\377\000M\000i\000g\000r\000a\000t\000i\000o\000n\000\040\000S\000t\000r\000a\000t\000e\000g\000i\000e\000s\000\040\000\050\0006\000\040\000R\000'\000s\000\051}{section.2.5}% 23
\BOOKMARK [0][-]{chapter.3}{\376\377\000D\000o\000m\000a\000i\000n\000\040\0002\000:\000\040\000S\000e\000c\000u\000r\000i\000t\000y\000\040\000a\000n\000d\000\040\000C\000o\000m\000p\000l\000i\000a\000n\000c\000e\000\040\000\050\0003\0000\000\045\000\051}{}% 24
\BOOKMARK [1][-]{section.3.1}{\376\377\000A\000W\000S\000\040\000S\000h\000a\000r\000e\000d\000\040\000R\000e\000s\000p\000o\000n\000s\000i\000b\000i\000l\000i\000t\000y\000\040\000M\000o\000d\000e\000l}{chapter.3}% 25
\BOOKMARK [2][-]{subsection.3.1.1}{\376\377\000A\000W\000S\000\040\000R\000e\000s\000p\000o\000n\000s\000i\000b\000i\000l\000i\000t\000y\000:\000\040\000S\000e\000c\000u\000r\000i\000t\000y\000\040\000O\000F\000\040\000t\000h\000e\000\040\000C\000l\000o\000u\000d}{section.3.1}% 26
\BOOKMARK [2][-]{subsection.3.1.2}{\376\377\000C\000u\000s\000t\000o\000m\000e\000r\000\040\000R\000e\000s\000p\000o\000n\000s\000i\000b\000i\000l\000i\000t\000y\000:\000\040\000S\000e\000c\000u\000r\000i\000t\000y\000\040\000I\000N\000\040\000t\000h\000e\000\040\000C\000l\000o\000u\000d}{section.3.1}% 27
\BOOKMARK [2][-]{subsection.3.1.3}{\376\377\000S\000h\000a\000r\000e\000d\000\040\000C\000o\000n\000t\000r\000o\000l\000s}{section.3.1}% 28
\BOOKMARK [1][-]{section.3.2}{\376\377\000A\000W\000S\000\040\000I\000d\000e\000n\000t\000i\000t\000y\000\040\000a\000n\000d\000\040\000A\000c\000c\000e\000s\000s\000\040\000M\000a\000n\000a\000g\000e\000m\000e\000n\000t\000\040\000\050\000I\000A\000M\000\051}{chapter.3}% 29
\BOOKMARK [2][-]{subsection.3.2.1}{\376\377\000C\000o\000r\000e\000\040\000C\000o\000m\000p\000o\000n\000e\000n\000t\000s}{section.3.2}% 30
\BOOKMARK [2][-]{subsection.3.2.2}{\376\377\000I\000A\000M\000\040\000B\000e\000s\000t\000\040\000P\000r\000a\000c\000t\000i\000c\000e\000s}{section.3.2}% 31
\BOOKMARK [2][-]{subsection.3.2.3}{\376\377\000M\000u\000l\000t\000i\000-\000F\000a\000c\000t\000o\000r\000\040\000A\000u\000t\000h\000e\000n\000t\000i\000c\000a\000t\000i\000o\000n\000\040\000\050\000M\000F\000A\000\051}{section.3.2}% 32
\BOOKMARK [1][-]{section.3.3}{\376\377\000S\000e\000c\000u\000r\000i\000t\000y\000\040\000S\000e\000r\000v\000i\000c\000e\000s}{chapter.3}% 33
\BOOKMARK [2][-]{subsection.3.3.1}{\376\377\000A\000W\000S\000\040\000O\000r\000g\000a\000n\000i\000z\000a\000t\000i\000o\000n\000s}{section.3.3}% 34
\BOOKMARK [2][-]{subsection.3.3.2}{\376\377\000A\000W\000S\000\040\000K\000e\000y\000\040\000M\000a\000n\000a\000g\000e\000m\000e\000n\000t\000\040\000S\000e\000r\000v\000i\000c\000e\000\040\000\050\000K\000M\000S\000\051}{section.3.3}% 35
\BOOKMARK [2][-]{subsection.3.3.3}{\376\377\000A\000W\000S\000\040\000S\000h\000i\000e\000l\000d}{section.3.3}% 36
\BOOKMARK [2][-]{subsection.3.3.4}{\376\377\000A\000m\000a\000z\000o\000n\000\040\000G\000u\000a\000r\000d\000D\000u\000t\000y}{section.3.3}% 37
\BOOKMARK [2][-]{subsection.3.3.5}{\376\377\000A\000m\000a\000z\000o\000n\000\040\000I\000n\000s\000p\000e\000c\000t\000o\000r}{section.3.3}% 38
\BOOKMARK [2][-]{subsection.3.3.6}{\376\377\000A\000W\000S\000\040\000W\000A\000F\000\040\000\050\000W\000e\000b\000\040\000A\000p\000p\000l\000i\000c\000a\000t\000i\000o\000n\000\040\000F\000i\000r\000e\000w\000a\000l\000l\000\051}{section.3.3}% 39
\BOOKMARK [2][-]{subsection.3.3.7}{\376\377\000A\000m\000a\000z\000o\000n\000\040\000M\000a\000c\000i\000e}{section.3.3}% 40
\BOOKMARK [2][-]{subsection.3.3.8}{\376\377\000A\000W\000S\000\040\000A\000r\000t\000i\000f\000a\000c\000t}{section.3.3}% 41
\BOOKMARK [1][-]{section.3.4}{\376\377\000C\000o\000m\000p\000l\000i\000a\000n\000c\000e}{chapter.3}% 42
\BOOKMARK [2][-]{subsection.3.4.1}{\376\377\000A\000W\000S\000\040\000C\000o\000m\000p\000l\000i\000a\000n\000c\000e\000\040\000P\000r\000o\000g\000r\000a\000m\000s}{section.3.4}% 43
\BOOKMARK [2][-]{subsection.3.4.2}{\376\377\000A\000W\000S\000\040\000C\000o\000n\000f\000i\000g}{section.3.4}% 44
\BOOKMARK [0][-]{chapter.4}{\376\377\000D\000o\000m\000a\000i\000n\000\040\0003\000:\000\040\000C\000l\000o\000u\000d\000\040\000T\000e\000c\000h\000n\000o\000l\000o\000g\000y\000\040\000a\000n\000d\000\040\000S\000e\000r\000v\000i\000c\000e\000s\000\040\000\050\0003\0004\000\045\000\051}{}% 45
\BOOKMARK [1][-]{section.4.1}{\376\377\000A\000W\000S\000\040\000G\000l\000o\000b\000a\000l\000\040\000I\000n\000f\000r\000a\000s\000t\000r\000u\000c\000t\000u\000r\000e}{chapter.4}% 46
\BOOKMARK [2][-]{subsection.4.1.1}{\376\377\000R\000e\000g\000i\000o\000n\000s}{section.4.1}% 47
\BOOKMARK [2][-]{subsection.4.1.2}{\376\377\000A\000v\000a\000i\000l\000a\000b\000i\000l\000i\000t\000y\000\040\000Z\000o\000n\000e\000s\000\040\000\050\000A\000Z\000s\000\051}{section.4.1}% 48
\BOOKMARK [2][-]{subsection.4.1.3}{\376\377\000E\000d\000g\000e\000\040\000L\000o\000c\000a\000t\000i\000o\000n\000s}{section.4.1}% 49
\BOOKMARK [2][-]{subsection.4.1.4}{\376\377\000A\000W\000S\000\040\000L\000o\000c\000a\000l\000\040\000Z\000o\000n\000e\000s}{section.4.1}% 50
\BOOKMARK [2][-]{subsection.4.1.5}{\376\377\000A\000W\000S\000\040\000W\000a\000v\000e\000l\000e\000n\000g\000t\000h}{section.4.1}% 51
\BOOKMARK [2][-]{subsection.4.1.6}{\376\377\000A\000W\000S\000\040\000O\000u\000t\000p\000o\000s\000t\000s}{section.4.1}% 52
\BOOKMARK [1][-]{section.4.2}{\376\377\000C\000o\000m\000p\000u\000t\000e\000\040\000S\000e\000r\000v\000i\000c\000e\000s}{chapter.4}% 53
\BOOKMARK [2][-]{subsection.4.2.1}{\376\377\000A\000m\000a\000z\000o\000n\000\040\000E\000C\0002\000\040\000\050\000E\000l\000a\000s\000t\000i\000c\000\040\000C\000o\000m\000p\000u\000t\000e\000\040\000C\000l\000o\000u\000d\000\051}{section.4.2}% 54
\BOOKMARK [2][-]{subsection.4.2.2}{\376\377\000A\000W\000S\000\040\000L\000a\000m\000b\000d\000a}{section.4.2}% 55
\BOOKMARK [2][-]{subsection.4.2.3}{\376\377\000A\000m\000a\000z\000o\000n\000\040\000L\000i\000g\000h\000t\000s\000a\000i\000l}{section.4.2}% 56
\BOOKMARK [2][-]{subsection.4.2.4}{\376\377\000A\000W\000S\000\040\000E\000l\000a\000s\000t\000i\000c\000\040\000B\000e\000a\000n\000s\000t\000a\000l\000k}{section.4.2}% 57
\BOOKMARK [2][-]{subsection.4.2.5}{\376\377\000A\000m\000a\000z\000o\000n\000\040\000E\000C\000S\000\040\000\050\000E\000l\000a\000s\000t\000i\000c\000\040\000C\000o\000n\000t\000a\000i\000n\000e\000r\000\040\000S\000e\000r\000v\000i\000c\000e\000\051}{section.4.2}% 58
\BOOKMARK [2][-]{subsection.4.2.6}{\376\377\000A\000m\000a\000z\000o\000n\000\040\000E\000K\000S\000\040\000\050\000E\000l\000a\000s\000t\000i\000c\000\040\000K\000u\000b\000e\000r\000n\000e\000t\000e\000s\000\040\000S\000e\000r\000v\000i\000c\000e\000\051}{section.4.2}% 59
\BOOKMARK [2][-]{subsection.4.2.7}{\376\377\000A\000W\000S\000\040\000F\000a\000r\000g\000a\000t\000e}{section.4.2}% 60
\BOOKMARK [1][-]{section.4.3}{\376\377\000S\000t\000o\000r\000a\000g\000e\000\040\000S\000e\000r\000v\000i\000c\000e\000s}{chapter.4}% 61
\BOOKMARK [2][-]{subsection.4.3.1}{\376\377\000A\000m\000a\000z\000o\000n\000\040\000S\0003\000\040\000\050\000S\000i\000m\000p\000l\000e\000\040\000S\000t\000o\000r\000a\000g\000e\000\040\000S\000e\000r\000v\000i\000c\000e\000\051}{section.4.3}% 62
\BOOKMARK [2][-]{subsection.4.3.2}{\376\377\000A\000m\000a\000z\000o\000n\000\040\000E\000B\000S\000\040\000\050\000E\000l\000a\000s\000t\000i\000c\000\040\000B\000l\000o\000c\000k\000\040\000S\000t\000o\000r\000e\000\051}{section.4.3}% 63
\BOOKMARK [2][-]{subsection.4.3.3}{\376\377\000A\000m\000a\000z\000o\000n\000\040\000E\000F\000S\000\040\000\050\000E\000l\000a\000s\000t\000i\000c\000\040\000F\000i\000l\000e\000\040\000S\000y\000s\000t\000e\000m\000\051}{section.4.3}% 64
\BOOKMARK [2][-]{subsection.4.3.4}{\376\377\000A\000W\000S\000\040\000S\000t\000o\000r\000a\000g\000e\000\040\000G\000a\000t\000e\000w\000a\000y}{section.4.3}% 65
\BOOKMARK [2][-]{subsection.4.3.5}{\376\377\000A\000W\000S\000\040\000S\000n\000o\000w\000\040\000F\000a\000m\000i\000l\000y}{section.4.3}% 66
\BOOKMARK [1][-]{section.4.4}{\376\377\000D\000a\000t\000a\000b\000a\000s\000e\000\040\000S\000e\000r\000v\000i\000c\000e\000s}{chapter.4}% 67
\BOOKMARK [2][-]{subsection.4.4.1}{\376\377\000A\000m\000a\000z\000o\000n\000\040\000R\000D\000S\000\040\000\050\000R\000e\000l\000a\000t\000i\000o\000n\000a\000l\000\040\000D\000a\000t\000a\000b\000a\000s\000e\000\040\000S\000e\000r\000v\000i\000c\000e\000\051}{section.4.4}% 68
\BOOKMARK [2][-]{subsection.4.4.2}{\376\377\000A\000m\000a\000z\000o\000n\000\040\000A\000u\000r\000o\000r\000a}{section.4.4}% 69
\BOOKMARK [2][-]{subsection.4.4.3}{\376\377\000A\000m\000a\000z\000o\000n\000\040\000D\000y\000n\000a\000m\000o\000D\000B}{section.4.4}% 70
\BOOKMARK [2][-]{subsection.4.4.4}{\376\377\000A\000m\000a\000z\000o\000n\000\040\000E\000l\000a\000s\000t\000i\000C\000a\000c\000h\000e}{section.4.4}% 71
\BOOKMARK [2][-]{subsection.4.4.5}{\376\377\000A\000m\000a\000z\000o\000n\000\040\000R\000e\000d\000s\000h\000i\000f\000t}{section.4.4}% 72
\BOOKMARK [2][-]{subsection.4.4.6}{\376\377\000A\000m\000a\000z\000o\000n\000\040\000N\000e\000p\000t\000u\000n\000e}{section.4.4}% 73
\BOOKMARK [2][-]{subsection.4.4.7}{\376\377\000A\000m\000a\000z\000o\000n\000\040\000D\000o\000c\000u\000m\000e\000n\000t\000D\000B}{section.4.4}% 74
\BOOKMARK [1][-]{section.4.5}{\376\377\000N\000e\000t\000w\000o\000r\000k\000i\000n\000g\000\040\000a\000n\000d\000\040\000C\000o\000n\000t\000e\000n\000t\000\040\000D\000e\000l\000i\000v\000e\000r\000y}{chapter.4}% 75
\BOOKMARK [2][-]{subsection.4.5.1}{\376\377\000A\000m\000a\000z\000o\000n\000\040\000V\000P\000C\000\040\000\050\000V\000i\000r\000t\000u\000a\000l\000\040\000P\000r\000i\000v\000a\000t\000e\000\040\000C\000l\000o\000u\000d\000\051}{section.4.5}% 76
\BOOKMARK [2][-]{subsection.4.5.2}{\376\377\000A\000m\000a\000z\000o\000n\000\040\000C\000l\000o\000u\000d\000F\000r\000o\000n\000t}{section.4.5}% 77
\BOOKMARK [2][-]{subsection.4.5.3}{\376\377\000A\000m\000a\000z\000o\000n\000\040\000R\000o\000u\000t\000e\000\040\0005\0003}{section.4.5}% 78
\BOOKMARK [2][-]{subsection.4.5.4}{\376\377\000E\000l\000a\000s\000t\000i\000c\000\040\000L\000o\000a\000d\000\040\000B\000a\000l\000a\000n\000c\000i\000n\000g\000\040\000\050\000E\000L\000B\000\051}{section.4.5}% 79
\BOOKMARK [2][-]{subsection.4.5.5}{\376\377\000A\000W\000S\000\040\000D\000i\000r\000e\000c\000t\000\040\000C\000o\000n\000n\000e\000c\000t}{section.4.5}% 80
\BOOKMARK [2][-]{subsection.4.5.6}{\376\377\000A\000W\000S\000\040\000V\000P\000N}{section.4.5}% 81
\BOOKMARK [1][-]{section.4.6}{\376\377\000M\000a\000n\000a\000g\000e\000m\000e\000n\000t\000\040\000a\000n\000d\000\040\000G\000o\000v\000e\000r\000n\000a\000n\000c\000e}{chapter.4}% 82
\BOOKMARK [2][-]{subsection.4.6.1}{\376\377\000A\000W\000S\000\040\000C\000l\000o\000u\000d\000F\000o\000r\000m\000a\000t\000i\000o\000n}{section.4.6}% 83
\BOOKMARK [2][-]{subsection.4.6.2}{\376\377\000A\000W\000S\000\040\000C\000l\000o\000u\000d\000T\000r\000a\000i\000l}{section.4.6}% 84
\BOOKMARK [2][-]{subsection.4.6.3}{\376\377\000A\000m\000a\000z\000o\000n\000\040\000C\000l\000o\000u\000d\000W\000a\000t\000c\000h}{section.4.6}% 85
\BOOKMARK [2][-]{subsection.4.6.4}{\376\377\000A\000W\000S\000\040\000S\000y\000s\000t\000e\000m\000s\000\040\000M\000a\000n\000a\000g\000e\000r}{section.4.6}% 86
\BOOKMARK [2][-]{subsection.4.6.5}{\376\377\000A\000W\000S\000\040\000T\000r\000u\000s\000t\000e\000d\000\040\000A\000d\000v\000i\000s\000o\000r}{section.4.6}% 87
\BOOKMARK [2][-]{subsection.4.6.6}{\376\377\000A\000W\000S\000\040\000C\000o\000n\000t\000r\000o\000l\000\040\000T\000o\000w\000e\000r}{section.4.6}% 88
\BOOKMARK [2][-]{subsection.4.6.7}{\376\377\000A\000W\000S\000\040\000S\000e\000r\000v\000i\000c\000e\000\040\000C\000a\000t\000a\000l\000o\000g}{section.4.6}% 89
\BOOKMARK [1][-]{section.4.7}{\376\377\000A\000d\000d\000i\000t\000i\000o\000n\000a\000l\000\040\000S\000e\000r\000v\000i\000c\000e\000s}{chapter.4}% 90
\BOOKMARK [2][-]{subsection.4.7.1}{\376\377\000A\000m\000a\000z\000o\000n\000\040\000S\000N\000S\000\040\000\050\000S\000i\000m\000p\000l\000e\000\040\000N\000o\000t\000i\000f\000i\000c\000a\000t\000i\000o\000n\000\040\000S\000e\000r\000v\000i\000c\000e\000\051}{section.4.7}% 91
\BOOKMARK [2][-]{subsection.4.7.2}{\376\377\000A\000m\000a\000z\000o\000n\000\040\000S\000Q\000S\000\040\000\050\000S\000i\000m\000p\000l\000e\000\040\000Q\000u\000e\000u\000e\000\040\000S\000e\000r\000v\000i\000c\000e\000\051}{section.4.7}% 92
\BOOKMARK [2][-]{subsection.4.7.3}{\376\377\000A\000W\000S\000\040\000S\000t\000e\000p\000\040\000F\000u\000n\000c\000t\000i\000o\000n\000s}{section.4.7}% 93
\BOOKMARK [2][-]{subsection.4.7.4}{\376\377\000A\000m\000a\000z\000o\000n\000\040\000E\000v\000e\000n\000t\000B\000r\000i\000d\000g\000e}{section.4.7}% 94
\BOOKMARK [2][-]{subsection.4.7.5}{\376\377\000A\000W\000S\000\040\000B\000a\000t\000c\000h}{section.4.7}% 95
\BOOKMARK [2][-]{subsection.4.7.6}{\376\377\000A\000m\000a\000z\000o\000n\000\040\000A\000t\000h\000e\000n\000a}{section.4.7}% 96
\BOOKMARK [2][-]{subsection.4.7.7}{\376\377\000A\000W\000S\000\040\000G\000l\000u\000e}{section.4.7}% 97
\BOOKMARK [2][-]{subsection.4.7.8}{\376\377\000A\000m\000a\000z\000o\000n\000\040\000Q\000u\000i\000c\000k\000S\000i\000g\000h\000t}{section.4.7}% 98
\BOOKMARK [2][-]{subsection.4.7.9}{\376\377\000A\000m\000a\000z\000o\000n\000\040\000K\000i\000n\000e\000s\000i\000s}{section.4.7}% 99
\BOOKMARK [2][-]{subsection.4.7.10}{\376\377\000A\000m\000a\000z\000o\000n\000\040\000S\000a\000g\000e\000M\000a\000k\000e\000r}{section.4.7}% 100
\BOOKMARK [2][-]{subsection.4.7.11}{\376\377\000A\000m\000a\000z\000o\000n\000\040\000R\000e\000k\000o\000g\000n\000i\000t\000i\000o\000n}{section.4.7}% 101
\BOOKMARK [2][-]{subsection.4.7.12}{\376\377\000A\000m\000a\000z\000o\000n\000\040\000C\000o\000m\000p\000r\000e\000h\000e\000n\000d}{section.4.7}% 102
\BOOKMARK [2][-]{subsection.4.7.13}{\376\377\000A\000m\000a\000z\000o\000n\000\040\000L\000e\000x}{section.4.7}% 103
\BOOKMARK [2][-]{subsection.4.7.14}{\376\377\000A\000W\000S\000\040\000M\000i\000g\000r\000a\000t\000i\000o\000n\000\040\000H\000u\000b}{section.4.7}% 104
\BOOKMARK [2][-]{subsection.4.7.15}{\376\377\000A\000W\000S\000\040\000D\000a\000t\000a\000b\000a\000s\000e\000\040\000M\000i\000g\000r\000a\000t\000i\000o\000n\000\040\000S\000e\000r\000v\000i\000c\000e\000\040\000\050\000D\000M\000S\000\051}{section.4.7}% 105
\BOOKMARK [2][-]{subsection.4.7.16}{\376\377\000A\000W\000S\000\040\000A\000p\000p\000l\000i\000c\000a\000t\000i\000o\000n\000\040\000D\000i\000s\000c\000o\000v\000e\000r\000y\000\040\000S\000e\000r\000v\000i\000c\000e}{section.4.7}% 106
\BOOKMARK [0][-]{chapter.5}{\376\377\000D\000o\000m\000a\000i\000n\000\040\0004\000:\000\040\000B\000i\000l\000l\000i\000n\000g\000,\000\040\000P\000r\000i\000c\000i\000n\000g\000,\000\040\000a\000n\000d\000\040\000S\000u\000p\000p\000o\000r\000t\000\040\000\050\0001\0002\000\045\000\051}{}% 107
\BOOKMARK [1][-]{section.5.1}{\376\377\000A\000W\000S\000\040\000P\000r\000i\000c\000i\000n\000g\000\040\000F\000u\000n\000d\000a\000m\000e\000n\000t\000a\000l\000s}{chapter.5}% 108
\BOOKMARK [2][-]{subsection.5.1.1}{\376\377\000C\000o\000r\000e\000\040\000P\000r\000i\000n\000c\000i\000p\000l\000e\000s}{section.5.1}% 109
\BOOKMARK [2][-]{subsection.5.1.2}{\376\377\000F\000r\000e\000e\000\040\000T\000i\000e\000r}{section.5.1}% 110
\BOOKMARK [1][-]{section.5.2}{\376\377\000P\000r\000i\000c\000i\000n\000g\000\040\000M\000o\000d\000e\000l\000s\000\040\000b\000y\000\040\000S\000e\000r\000v\000i\000c\000e\000\040\000C\000a\000t\000e\000g\000o\000r\000y}{chapter.5}% 111
\BOOKMARK [2][-]{subsection.5.2.1}{\376\377\000C\000o\000m\000p\000u\000t\000e\000\040\000P\000r\000i\000c\000i\000n\000g}{section.5.2}% 112
\BOOKMARK [2][-]{subsection.5.2.2}{\376\377\000S\000t\000o\000r\000a\000g\000e\000\040\000P\000r\000i\000c\000i\000n\000g}{section.5.2}% 113
\BOOKMARK [2][-]{subsection.5.2.3}{\376\377\000D\000a\000t\000a\000b\000a\000s\000e\000\040\000P\000r\000i\000c\000i\000n\000g}{section.5.2}% 114
\BOOKMARK [2][-]{subsection.5.2.4}{\376\377\000N\000e\000t\000w\000o\000r\000k\000\040\000P\000r\000i\000c\000i\000n\000g}{section.5.2}% 115
\BOOKMARK [1][-]{section.5.3}{\376\377\000C\000o\000s\000t\000\040\000M\000a\000n\000a\000g\000e\000m\000e\000n\000t\000\040\000T\000o\000o\000l\000s}{chapter.5}% 116
\BOOKMARK [2][-]{subsection.5.3.1}{\376\377\000A\000W\000S\000\040\000P\000r\000i\000c\000i\000n\000g\000\040\000C\000a\000l\000c\000u\000l\000a\000t\000o\000r}{section.5.3}% 117
\BOOKMARK [2][-]{subsection.5.3.2}{\376\377\000A\000W\000S\000\040\000C\000o\000s\000t\000\040\000E\000x\000p\000l\000o\000r\000e\000r}{section.5.3}% 118
\BOOKMARK [2][-]{subsection.5.3.3}{\376\377\000A\000W\000S\000\040\000B\000u\000d\000g\000e\000t\000s}{section.5.3}% 119
\BOOKMARK [2][-]{subsection.5.3.4}{\376\377\000A\000W\000S\000\040\000C\000o\000s\000t\000\040\000a\000n\000d\000\040\000U\000s\000a\000g\000e\000\040\000R\000e\000p\000o\000r\000t}{section.5.3}% 120
\BOOKMARK [2][-]{subsection.5.3.5}{\376\377\000A\000W\000S\000\040\000C\000o\000s\000t\000\040\000A\000n\000o\000m\000a\000l\000y\000\040\000D\000e\000t\000e\000c\000t\000i\000o\000n}{section.5.3}% 121
\BOOKMARK [1][-]{section.5.4}{\376\377\000C\000o\000n\000s\000o\000l\000i\000d\000a\000t\000e\000d\000\040\000B\000i\000l\000l\000i\000n\000g\000\040\000a\000n\000d\000\040\000A\000W\000S\000\040\000O\000r\000g\000a\000n\000i\000z\000a\000t\000i\000o\000n\000s}{chapter.5}% 122
\BOOKMARK [2][-]{subsection.5.4.1}{\376\377\000C\000o\000n\000s\000o\000l\000i\000d\000a\000t\000e\000d\000\040\000B\000i\000l\000l\000i\000n\000g}{section.5.4}% 123
\BOOKMARK [1][-]{section.5.5}{\376\377\000A\000W\000S\000\040\000S\000u\000p\000p\000o\000r\000t\000\040\000P\000l\000a\000n\000s}{chapter.5}% 124
\BOOKMARK [2][-]{subsection.5.5.1}{\376\377\000A\000d\000d\000i\000t\000i\000o\000n\000a\000l\000\040\000S\000u\000p\000p\000o\000r\000t\000\040\000R\000e\000s\000o\000u\000r\000c\000e\000s}{section.5.5}% 125
\BOOKMARK [1][-]{section.5.6}{\376\377\000C\000o\000s\000t\000\040\000O\000p\000t\000i\000m\000i\000z\000a\000t\000i\000o\000n\000\040\000S\000t\000r\000a\000t\000e\000g\000i\000e\000s}{chapter.5}% 126
\BOOKMARK [2][-]{subsection.5.6.1}{\376\377\000R\000i\000g\000h\000t\000\040\000S\000i\000z\000i\000n\000g}{section.5.6}% 127
\BOOKMARK [2][-]{subsection.5.6.2}{\376\377\000R\000e\000s\000e\000r\000v\000e\000d\000\040\000C\000a\000p\000a\000c\000i\000t\000y}{section.5.6}% 128
\BOOKMARK [2][-]{subsection.5.6.3}{\376\377\000S\000p\000o\000t\000\040\000I\000n\000s\000t\000a\000n\000c\000e\000s}{section.5.6}% 129
\BOOKMARK [2][-]{subsection.5.6.4}{\376\377\000A\000u\000t\000o\000\040\000S\000c\000a\000l\000i\000n\000g}{section.5.6}% 130
\BOOKMARK [2][-]{subsection.5.6.5}{\376\377\000S\000t\000o\000r\000a\000g\000e\000\040\000O\000p\000t\000i\000m\000i\000z\000a\000t\000i\000o\000n}{section.5.6}% 131
\BOOKMARK [2][-]{subsection.5.6.6}{\376\377\000D\000a\000t\000a\000\040\000T\000r\000a\000n\000s\000f\000e\000r\000\040\000O\000p\000t\000i\000m\000i\000z\000a\000t\000i\000o\000n}{section.5.6}% 132
\BOOKMARK [0][-]{chapter.6}{\376\377\000P\000r\000a\000c\000t\000i\000c\000e\000\040\000Q\000u\000e\000s\000t\000i\000o\000n\000s\000\040\000a\000n\000d\000\040\000E\000x\000a\000m\000\040\000T\000i\000p\000s}{}% 133
\BOOKMARK [1][-]{section.6.1}{\376\377\000S\000a\000m\000p\000l\000e\000\040\000Q\000u\000e\000s\000t\000i\000o\000n\000s\000\040\000b\000y\000\040\000D\000o\000m\000a\000i\000n}{chapter.6}% 134
\BOOKMARK [2][-]{subsection.6.1.1}{\376\377\000D\000o\000m\000a\000i\000n\000\040\0001\000:\000\040\000C\000l\000o\000u\000d\000\040\000C\000o\000n\000c\000e\000p\000t\000s}{section.6.1}% 135
\BOOKMARK [2][-]{subsection.6.1.2}{\376\377\000D\000o\000m\000a\000i\000n\000\040\0002\000:\000\040\000S\000e\000c\000u\000r\000i\000t\000y\000\040\000a\000n\000d\000\040\000C\000o\000m\000p\000l\000i\000a\000n\000c\000e}{section.6.1}% 136
\BOOKMARK [2][-]{subsection.6.1.3}{\376\377\000D\000o\000m\000a\000i\000n\000\040\0003\000:\000\040\000T\000e\000c\000h\000n\000o\000l\000o\000g\000y\000\040\000a\000n\000d\000\040\000S\000e\000r\000v\000i\000c\000e\000s}{section.6.1}% 137
\BOOKMARK [2][-]{subsection.6.1.4}{\376\377\000D\000o\000m\000a\000i\000n\000\040\0004\000:\000\040\000B\000i\000l\000l\000i\000n\000g\000\040\000a\000n\000d\000\040\000P\000r\000i\000c\000i\000n\000g}{section.6.1}% 138
\BOOKMARK [1][-]{section.6.2}{\376\377\000T\000e\000s\000t\000-\000T\000a\000k\000i\000n\000g\000\040\000S\000t\000r\000a\000t\000e\000g\000i\000e\000s}{chapter.6}% 139
\BOOKMARK [2][-]{subsection.6.2.1}{\376\377\000B\000e\000f\000o\000r\000e\000\040\000t\000h\000e\000\040\000E\000x\000a\000m}{section.6.2}% 140
\BOOKMARK [2][-]{subsection.6.2.2}{\376\377\000D\000u\000r\000i\000n\000g\000\040\000t\000h\000e\000\040\000E\000x\000a\000m}{section.6.2}% 141
\BOOKMARK [2][-]{subsection.6.2.3}{\376\377\000C\000o\000m\000m\000o\000n\000\040\000Q\000u\000e\000s\000t\000i\000o\000n\000\040\000P\000a\000t\000t\000e\000r\000n\000s}{section.6.2}% 142
\BOOKMARK [1][-]{section.6.3}{\376\377\000C\000o\000m\000m\000o\000n\000\040\000P\000i\000t\000f\000a\000l\000l\000s\000\040\000t\000o\000\040\000A\000v\000o\000i\000d}{chapter.6}% 143
\BOOKMARK [1][-]{section.6.4}{\376\377\000K\000e\000y\000\040\000C\000o\000n\000c\000e\000p\000t\000s\000\040\000t\000o\000\040\000M\000e\000m\000o\000r\000i\000z\000e}{chapter.6}% 144
\BOOKMARK [2][-]{subsection.6.4.1}{\376\377\000N\000u\000m\000b\000e\000r\000s\000\040\000t\000o\000\040\000R\000e\000m\000e\000m\000b\000e\000r}{section.6.4}% 145
\BOOKMARK [2][-]{subsection.6.4.2}{\376\377\000S\000e\000r\000v\000i\000c\000e\000\040\000C\000o\000m\000p\000a\000r\000i\000s\000o\000n\000s}{section.6.4}% 146
\BOOKMARK [0][-]{chapter.7}{\376\377\000C\000o\000m\000p\000r\000e\000h\000e\000n\000s\000i\000v\000e\000\040\000S\000e\000r\000v\000i\000c\000e\000\040\000C\000o\000m\000p\000a\000r\000i\000s\000o\000n\000s\000\040\000a\000n\000d\000\040\000D\000e\000c\000i\000s\000i\000o\000n\000\040\000T\000r\000e\000e\000s}{}% 147
\BOOKMARK [1][-]{section.7.1}{\376\377\000S\000t\000o\000r\000a\000g\000e\000\040\000S\000e\000r\000v\000i\000c\000e\000s\000\040\000D\000e\000t\000a\000i\000l\000e\000d\000\040\000C\000o\000m\000p\000a\000r\000i\000s\000o\000n}{chapter.7}% 148
\BOOKMARK [1][-]{section.7.2}{\376\377\000D\000a\000t\000a\000b\000a\000s\000e\000\040\000S\000e\000r\000v\000i\000c\000e\000s\000\040\000D\000e\000t\000a\000i\000l\000e\000d\000\040\000C\000o\000m\000p\000a\000r\000i\000s\000o\000n}{chapter.7}% 149
\BOOKMARK [1][-]{section.7.3}{\376\377\000C\000o\000m\000p\000u\000t\000e\000\040\000S\000e\000r\000v\000i\000c\000e\000s\000\040\000D\000e\000c\000i\000s\000i\000o\000n\000\040\000T\000r\000e\000e}{chapter.7}% 150
\BOOKMARK [1][-]{section.7.4}{\376\377\000N\000e\000t\000w\000o\000r\000k\000i\000n\000g\000\040\000C\000o\000m\000p\000o\000n\000e\000n\000t\000s\000\040\000D\000e\000e\000p\000\040\000D\000i\000v\000e}{chapter.7}% 151
\BOOKMARK [1][-]{section.7.5}{\376\377\000L\000o\000a\000d\000\040\000B\000a\000l\000a\000n\000c\000e\000r\000\040\000D\000e\000t\000a\000i\000l\000e\000d\000\040\000C\000o\000m\000p\000a\000r\000i\000s\000o\000n}{chapter.7}% 152
\BOOKMARK [1][-]{section.7.6}{\376\377\000S\000e\000c\000u\000r\000i\000t\000y\000\040\000S\000e\000r\000v\000i\000c\000e\000s\000\040\000C\000o\000m\000p\000l\000e\000t\000e\000\040\000M\000a\000t\000r\000i\000x}{chapter.7}% 153
\BOOKMARK [1][-]{section.7.7}{\376\377\000S\000e\000r\000v\000i\000c\000e\000\040\000L\000i\000m\000i\000t\000s\000\040\000Q\000u\000i\000c\000k\000\040\000R\000e\000f\000e\000r\000e\000n\000c\000e}{chapter.7}% 154
\BOOKMARK [0][-]{chapter.8}{\376\377\000C\000o\000m\000m\000o\000n\000\040\000E\000x\000a\000m\000\040\000S\000c\000e\000n\000a\000r\000i\000o\000s\000\040\000a\000n\000d\000\040\000R\000e\000a\000l\000-\000W\000o\000r\000l\000d\000\040\000S\000o\000l\000u\000t\000i\000o\000n\000s}{}% 155
\BOOKMARK [1][-]{section.8.1}{\376\377\000S\000c\000e\000n\000a\000r\000i\000o\000-\000B\000a\000s\000e\000d\000\040\000L\000e\000a\000r\000n\000i\000n\000g}{chapter.8}% 156
\BOOKMARK [2][-]{subsection.8.1.1}{\376\377\000S\000c\000e\000n\000a\000r\000i\000o\000\040\0001\000:\000\040\000C\000o\000s\000t\000\040\000O\000p\000t\000i\000m\000i\000z\000a\000t\000i\000o\000n\000\040\000f\000o\000r\000\040\000P\000r\000e\000d\000i\000c\000t\000a\000b\000l\000e\000\040\000W\000o\000r\000k\000l\000o\000a\000d\000s}{section.8.1}% 157
\BOOKMARK [2][-]{subsection.8.1.2}{\376\377\000S\000c\000e\000n\000a\000r\000i\000o\000\040\0002\000:\000\040\000D\000e\000s\000i\000g\000n\000i\000n\000g\000\040\000f\000o\000r\000\040\000H\000i\000g\000h\000\040\000A\000v\000a\000i\000l\000a\000b\000i\000l\000i\000t\000y}{section.8.1}% 158
\BOOKMARK [2][-]{subsection.8.1.3}{\376\377\000S\000c\000e\000n\000a\000r\000i\000o\000\040\0003\000:\000\040\000L\000a\000r\000g\000e\000\040\000D\000a\000t\000a\000\040\000M\000i\000g\000r\000a\000t\000i\000o\000n}{section.8.1}% 159
\BOOKMARK [2][-]{subsection.8.1.4}{\376\377\000S\000c\000e\000n\000a\000r\000i\000o\000\040\0004\000:\000\040\000S\000e\000r\000v\000e\000r\000l\000e\000s\000s\000\040\000A\000p\000p\000l\000i\000c\000a\000t\000i\000o\000n\000\040\000A\000r\000c\000h\000i\000t\000e\000c\000t\000u\000r\000e}{section.8.1}% 160
\BOOKMARK [2][-]{subsection.8.1.5}{\376\377\000S\000c\000e\000n\000a\000r\000i\000o\000\040\0005\000:\000\040\000C\000o\000m\000p\000l\000i\000a\000n\000c\000e\000\040\000a\000n\000d\000\040\000G\000o\000v\000e\000r\000n\000a\000n\000c\000e}{section.8.1}% 161
\BOOKMARK [2][-]{subsection.8.1.6}{\376\377\000S\000c\000e\000n\000a\000r\000i\000o\000\040\0006\000:\000\040\000D\000i\000s\000a\000s\000t\000e\000r\000\040\000R\000e\000c\000o\000v\000e\000r\000y\000\040\000S\000t\000r\000a\000t\000e\000g\000y}{section.8.1}% 162
\BOOKMARK [2][-]{subsection.8.1.7}{\376\377\000S\000c\000e\000n\000a\000r\000i\000o\000\040\0007\000:\000\040\000H\000y\000b\000r\000i\000d\000\040\000C\000l\000o\000u\000d\000\040\000C\000o\000n\000n\000e\000c\000t\000i\000v\000i\000t\000y}{section.8.1}% 163
\BOOKMARK [1][-]{section.8.2}{\376\377\000C\000o\000m\000m\000o\000n\000\040\000T\000r\000o\000u\000b\000l\000e\000s\000h\000o\000o\000t\000i\000n\000g\000\040\000S\000c\000e\000n\000a\000r\000i\000o\000s}{chapter.8}% 164
\BOOKMARK [2][-]{subsection.8.2.1}{\376\377\000C\000a\000n\000n\000o\000t\000\040\000C\000o\000n\000n\000e\000c\000t\000\040\000t\000o\000\040\000E\000C\0002\000\040\000I\000n\000s\000t\000a\000n\000c\000e}{section.8.2}% 165
\BOOKMARK [2][-]{subsection.8.2.2}{\376\377\000S\0003\000\040\000A\000c\000c\000e\000s\000s\000\040\000D\000e\000n\000i\000e\000d\000\040\000E\000r\000r\000o\000r\000s}{section.8.2}% 166
\BOOKMARK [2][-]{subsection.8.2.3}{\376\377\000L\000a\000m\000b\000d\000a\000\040\000F\000u\000n\000c\000t\000i\000o\000n\000\040\000I\000s\000s\000u\000e\000s}{section.8.2}% 167
\BOOKMARK [0][-]{chapter.9}{\376\377\000A\000d\000d\000i\000t\000i\000o\000n\000a\000l\000\040\000A\000W\000S\000\040\000S\000e\000r\000v\000i\000c\000e\000s\000\040\000a\000n\000d\000\040\000A\000d\000v\000a\000n\000c\000e\000d\000\040\000T\000o\000p\000i\000c\000s}{}% 168
\BOOKMARK [1][-]{section.9.1}{\376\377\000D\000e\000v\000e\000l\000o\000p\000e\000r\000\040\000T\000o\000o\000l\000s\000\040\000a\000n\000d\000\040\000C\000I\000/\000C\000D}{chapter.9}% 169
\BOOKMARK [2][-]{subsection.9.1.1}{\376\377\000A\000W\000S\000\040\000C\000o\000d\000e\000C\000o\000m\000m\000i\000t}{section.9.1}% 170
\BOOKMARK [2][-]{subsection.9.1.2}{\376\377\000A\000W\000S\000\040\000C\000o\000d\000e\000B\000u\000i\000l\000d}{section.9.1}% 171
\BOOKMARK [2][-]{subsection.9.1.3}{\376\377\000A\000W\000S\000\040\000C\000o\000d\000e\000D\000e\000p\000l\000o\000y}{section.9.1}% 172
\BOOKMARK [2][-]{subsection.9.1.4}{\376\377\000A\000W\000S\000\040\000C\000o\000d\000e\000P\000i\000p\000e\000l\000i\000n\000e}{section.9.1}% 173
\BOOKMARK [2][-]{subsection.9.1.5}{\376\377\000A\000W\000S\000\040\000C\000o\000d\000e\000S\000t\000a\000r}{section.9.1}% 174
\BOOKMARK [2][-]{subsection.9.1.6}{\376\377\000A\000W\000S\000\040\000C\000l\000o\000u\000d\0009}{section.9.1}% 175
\BOOKMARK [1][-]{section.9.2}{\376\377\000A\000p\000p\000l\000i\000c\000a\000t\000i\000o\000n\000\040\000I\000n\000t\000e\000g\000r\000a\000t\000i\000o\000n\000\040\000S\000e\000r\000v\000i\000c\000e\000s}{chapter.9}% 176
\BOOKMARK [2][-]{subsection.9.2.1}{\376\377\000A\000m\000a\000z\000o\000n\000\040\000E\000v\000e\000n\000t\000B\000r\000i\000d\000g\000e}{section.9.2}% 177
\BOOKMARK [2][-]{subsection.9.2.2}{\376\377\000A\000m\000a\000z\000o\000n\000\040\000M\000Q}{section.9.2}% 178
\BOOKMARK [2][-]{subsection.9.2.3}{\376\377\000A\000W\000S\000\040\000A\000p\000p\000\040\000M\000e\000s\000h}{section.9.2}% 179
\BOOKMARK [1][-]{section.9.3}{\376\377\000E\000n\000d\000\040\000U\000s\000e\000r\000\040\000C\000o\000m\000p\000u\000t\000i\000n\000g}{chapter.9}% 180
\BOOKMARK [2][-]{subsection.9.3.1}{\376\377\000A\000m\000a\000z\000o\000n\000\040\000W\000o\000r\000k\000S\000p\000a\000c\000e\000s}{section.9.3}% 181
\BOOKMARK [2][-]{subsection.9.3.2}{\376\377\000A\000m\000a\000z\000o\000n\000\040\000A\000p\000p\000S\000t\000r\000e\000a\000m\000\040\0002\000.\0000}{section.9.3}% 182
\BOOKMARK [2][-]{subsection.9.3.3}{\376\377\000A\000m\000a\000z\000o\000n\000\040\000W\000o\000r\000k\000D\000o\000c\000s}{section.9.3}% 183
\BOOKMARK [2][-]{subsection.9.3.4}{\376\377\000A\000m\000a\000z\000o\000n\000\040\000W\000o\000r\000k\000L\000i\000n\000k}{section.9.3}% 184
\BOOKMARK [1][-]{section.9.4}{\376\377\000I\000o\000T\000\040\000S\000e\000r\000v\000i\000c\000e\000s}{chapter.9}% 185
\BOOKMARK [2][-]{subsection.9.4.1}{\376\377\000A\000W\000S\000\040\000I\000o\000T\000\040\000C\000o\000r\000e}{section.9.4}% 186
\BOOKMARK [2][-]{subsection.9.4.2}{\376\377\000A\000W\000S\000\040\000I\000o\000T\000\040\000G\000r\000e\000e\000n\000g\000r\000a\000s\000s}{section.9.4}% 187
\BOOKMARK [2][-]{subsection.9.4.3}{\376\377\000A\000W\000S\000\040\000I\000o\000T\000\040\000A\000n\000a\000l\000y\000t\000i\000c\000s}{section.9.4}% 188
\BOOKMARK [1][-]{section.9.5}{\376\377\000M\000e\000d\000i\000a\000\040\000S\000e\000r\000v\000i\000c\000e\000s}{chapter.9}% 189
\BOOKMARK [2][-]{subsection.9.5.1}{\376\377\000A\000m\000a\000z\000o\000n\000\040\000E\000l\000a\000s\000t\000i\000c\000\040\000T\000r\000a\000n\000s\000c\000o\000d\000e\000r}{section.9.5}% 190
\BOOKMARK [2][-]{subsection.9.5.2}{\376\377\000A\000W\000S\000\040\000E\000l\000e\000m\000e\000n\000t\000a\000l\000\040\000M\000e\000d\000i\000a\000C\000o\000n\000v\000e\000r\000t}{section.9.5}% 191
\BOOKMARK [2][-]{subsection.9.5.3}{\376\377\000A\000m\000a\000z\000o\000n\000\040\000K\000i\000n\000e\000s\000i\000s\000\040\000V\000i\000d\000e\000o\000\040\000S\000t\000r\000e\000a\000m\000s}{section.9.5}% 192
\BOOKMARK [1][-]{section.9.6}{\376\377\000A\000d\000d\000i\000t\000i\000o\000n\000a\000l\000\040\000A\000I\000/\000M\000L\000\040\000S\000e\000r\000v\000i\000c\000e\000s}{chapter.9}% 193
\BOOKMARK [2][-]{subsection.9.6.1}{\376\377\000A\000m\000a\000z\000o\000n\000\040\000P\000o\000l\000l\000y}{section.9.6}% 194
\BOOKMARK [2][-]{subsection.9.6.2}{\376\377\000A\000m\000a\000z\000o\000n\000\040\000T\000r\000a\000n\000s\000c\000r\000i\000b\000e}{section.9.6}% 195
\BOOKMARK [2][-]{subsection.9.6.3}{\376\377\000A\000m\000a\000z\000o\000n\000\040\000T\000r\000a\000n\000s\000l\000a\000t\000e}{section.9.6}% 196
\BOOKMARK [2][-]{subsection.9.6.4}{\376\377\000A\000m\000a\000z\000o\000n\000\040\000F\000o\000r\000e\000c\000a\000s\000t}{section.9.6}% 197
\BOOKMARK [2][-]{subsection.9.6.5}{\376\377\000A\000m\000a\000z\000o\000n\000\040\000K\000e\000n\000d\000r\000a}{section.9.6}% 198
\BOOKMARK [2][-]{subsection.9.6.6}{\376\377\000A\000m\000a\000z\000o\000n\000\040\000P\000e\000r\000s\000o\000n\000a\000l\000i\000z\000e}{section.9.6}% 199
\BOOKMARK [2][-]{subsection.9.6.7}{\376\377\000A\000m\000a\000z\000o\000n\000\040\000T\000e\000x\000t\000r\000a\000c\000t}{section.9.6}% 200
\BOOKMARK [1][-]{section.9.7}{\376\377\000B\000u\000s\000i\000n\000e\000s\000s\000\040\000A\000p\000p\000l\000i\000c\000a\000t\000i\000o\000n\000s}{chapter.9}% 201
\BOOKMARK [2][-]{subsection.9.7.1}{\376\377\000A\000m\000a\000z\000o\000n\000\040\000C\000o\000n\000n\000e\000c\000t}{section.9.7}% 202
\BOOKMARK [2][-]{subsection.9.7.2}{\376\377\000A\000m\000a\000z\000o\000n\000\040\000S\000i\000m\000p\000l\000e\000\040\000E\000m\000a\000i\000l\000\040\000S\000e\000r\000v\000i\000c\000e\000\040\000\050\000S\000E\000S\000\051}{section.9.7}% 203
\BOOKMARK [2][-]{subsection.9.7.3}{\376\377\000A\000m\000a\000z\000o\000n\000\040\000P\000i\000n\000p\000o\000i\000n\000t}{section.9.7}% 204
\BOOKMARK [2][-]{subsection.9.7.4}{\376\377\000A\000W\000S\000\040\000W\000o\000r\000k\000M\000a\000i\000l}{section.9.7}% 205
\BOOKMARK [2][-]{subsection.9.7.5}{\376\377\000A\000m\000a\000z\000o\000n\000\040\000C\000h\000i\000m\000e}{section.9.7}% 206
\BOOKMARK [1][-]{section.9.8}{\376\377\000M\000a\000n\000a\000g\000e\000m\000e\000n\000t\000\040\000a\000n\000d\000\040\000G\000o\000v\000e\000r\000n\000a\000n\000c\000e\000\040\000\050\000A\000d\000v\000a\000n\000c\000e\000d\000\051}{chapter.9}% 207
\BOOKMARK [2][-]{subsection.9.8.1}{\376\377\000A\000W\000S\000\040\000L\000i\000c\000e\000n\000s\000e\000\040\000M\000a\000n\000a\000g\000e\000r}{section.9.8}% 208
\BOOKMARK [2][-]{subsection.9.8.2}{\376\377\000A\000W\000S\000\040\000S\000e\000r\000v\000i\000c\000e\000\040\000C\000a\000t\000a\000l\000o\000g}{section.9.8}% 209
\BOOKMARK [2][-]{subsection.9.8.3}{\376\377\000A\000W\000S\000\040\000W\000e\000l\000l\000-\000A\000r\000c\000h\000i\000t\000e\000c\000t\000e\000d\000\040\000T\000o\000o\000l}{section.9.8}% 210
\BOOKMARK [2][-]{subsection.9.8.4}{\376\377\000A\000W\000S\000\040\000P\000e\000r\000s\000o\000n\000a\000l\000\040\000H\000e\000a\000l\000t\000h\000\040\000D\000a\000s\000h\000b\000o\000a\000r\000d}{section.9.8}% 211
\BOOKMARK [2][-]{subsection.9.8.5}{\376\377\000A\000W\000S\000\040\000C\000o\000m\000p\000u\000t\000e\000\040\000O\000p\000t\000i\000m\000i\000z\000e\000r}{section.9.8}% 212
\BOOKMARK [1][-]{section.9.9}{\376\377\000M\000i\000g\000r\000a\000t\000i\000o\000n\000\040\000a\000n\000d\000\040\000T\000r\000a\000n\000s\000f\000e\000r\000\040\000S\000e\000r\000v\000i\000c\000e\000s}{chapter.9}% 213
\BOOKMARK [2][-]{subsection.9.9.1}{\376\377\000A\000W\000S\000\040\000A\000p\000p\000l\000i\000c\000a\000t\000i\000o\000n\000\040\000D\000i\000s\000c\000o\000v\000e\000r\000y\000\040\000S\000e\000r\000v\000i\000c\000e}{section.9.9}% 214
\BOOKMARK [2][-]{subsection.9.9.2}{\376\377\000A\000W\000S\000\040\000M\000i\000g\000r\000a\000t\000i\000o\000n\000\040\000H\000u\000b}{section.9.9}% 215
\BOOKMARK [2][-]{subsection.9.9.3}{\376\377\000A\000W\000S\000\040\000S\000e\000r\000v\000e\000r\000\040\000M\000i\000g\000r\000a\000t\000i\000o\000n\000\040\000S\000e\000r\000v\000i\000c\000e\000\040\000\050\000S\000M\000S\000\051}{section.9.9}% 216
\BOOKMARK [2][-]{subsection.9.9.4}{\376\377\000A\000W\000S\000\040\000D\000a\000t\000a\000S\000y\000n\000c}{section.9.9}% 217
\BOOKMARK [2][-]{subsection.9.9.5}{\376\377\000A\000W\000S\000\040\000T\000r\000a\000n\000s\000f\000e\000r\000\040\000F\000a\000m\000i\000l\000y}{section.9.9}% 218
\BOOKMARK [1][-]{section.9.10}{\376\377\000N\000e\000t\000w\000o\000r\000k\000i\000n\000g\000\040\000\050\000A\000d\000v\000a\000n\000c\000e\000d\000\051}{chapter.9}% 219
\BOOKMARK [2][-]{subsection.9.10.1}{\376\377\000A\000W\000S\000\040\000G\000l\000o\000b\000a\000l\000\040\000A\000c\000c\000e\000l\000e\000r\000a\000t\000o\000r}{section.9.10}% 220
\BOOKMARK [2][-]{subsection.9.10.2}{\376\377\000A\000W\000S\000\040\000A\000p\000p\000\040\000M\000e\000s\000h}{section.9.10}% 221
\BOOKMARK [2][-]{subsection.9.10.3}{\376\377\000A\000W\000S\000\040\000C\000l\000o\000u\000d\000\040\000M\000a\000p}{section.9.10}% 222
\BOOKMARK [1][-]{section.9.11}{\376\377\000A\000d\000d\000i\000t\000i\000o\000n\000a\000l\000\040\000S\000t\000o\000r\000a\000g\000e\000\040\000S\000e\000r\000v\000i\000c\000e\000s}{chapter.9}% 223
\BOOKMARK [2][-]{subsection.9.11.1}{\376\377\000A\000m\000a\000z\000o\000n\000\040\000F\000S\000x}{section.9.11}% 224
\BOOKMARK [2][-]{subsection.9.11.2}{\376\377\000A\000W\000S\000\040\000B\000a\000c\000k\000u\000p}{section.9.11}% 225
\BOOKMARK [1][-]{section.9.12}{\376\377\000B\000l\000o\000c\000k\000c\000h\000a\000i\000n\000\040\000a\000n\000d\000\040\000Q\000u\000a\000n\000t\000u\000m}{chapter.9}% 226
\BOOKMARK [2][-]{subsection.9.12.1}{\376\377\000A\000m\000a\000z\000o\000n\000\040\000M\000a\000n\000a\000g\000e\000d\000\040\000B\000l\000o\000c\000k\000c\000h\000a\000i\000n}{section.9.12}% 227
\BOOKMARK [2][-]{subsection.9.12.2}{\376\377\000A\000m\000a\000z\000o\000n\000\040\000B\000r\000a\000k\000e\000t}{section.9.12}% 228
\BOOKMARK [1][-]{section.9.13}{\376\377\000E\000x\000a\000m\000\040\000T\000i\000p\000s\000\040\000f\000o\000r\000\040\000S\000e\000r\000v\000i\000c\000e\000\040\000S\000e\000l\000e\000c\000t\000i\000o\000n}{chapter.9}% 229
\BOOKMARK [2][-]{subsection.9.13.1}{\376\377\000D\000a\000t\000a\000b\000a\000s\000e\000\040\000S\000e\000l\000e\000c\000t\000i\000o\000n\000\040\000D\000e\000c\000i\000s\000i\000o\000n\000\040\000T\000r\000e\000e}{section.9.13}% 230
\BOOKMARK [2][-]{subsection.9.13.2}{\376\377\000C\000o\000m\000p\000u\000t\000e\000\040\000S\000e\000l\000e\000c\000t\000i\000o\000n\000\040\000F\000l\000o\000w\000c\000h\000a\000r\000t}{section.9.13}% 231
\BOOKMARK [2][-]{subsection.9.13.3}{\376\377\000S\000t\000o\000r\000a\000g\000e\000\040\000S\000e\000l\000e\000c\000t\000i\000o\000n\000\040\000G\000u\000i\000d\000e}{section.9.13}% 232
\BOOKMARK [0][-]{chapter.10}{\376\377\000S\000t\000u\000d\000y\000\040\000P\000l\000a\000n\000\040\000a\000n\000d\000\040\000R\000e\000s\000o\000u\000r\000c\000e\000s}{}% 233
\BOOKMARK [1][-]{section.10.1}{\376\377\000R\000e\000c\000o\000m\000m\000e\000n\000d\000e\000d\000\040\000S\000t\000u\000d\000y\000\040\000T\000i\000m\000e\000l\000i\000n\000e}{chapter.10}% 234
\BOOKMARK [2][-]{subsection.10.1.1}{\376\377\0004\000-\000W\000e\000e\000k\000\040\000S\000t\000u\000d\000y\000\040\000P\000l\000a\000n}{section.10.1}% 235
\BOOKMARK [2][-]{subsection.10.1.2}{\376\377\0002\000-\000W\000e\000e\000k\000\040\000I\000n\000t\000e\000n\000s\000i\000v\000e\000\040\000P\000l\000a\000n}{section.10.1}% 236
\BOOKMARK [1][-]{section.10.2}{\376\377\000O\000f\000f\000i\000c\000i\000a\000l\000\040\000A\000W\000S\000\040\000R\000e\000s\000o\000u\000r\000c\000e\000s}{chapter.10}% 237
\BOOKMARK [2][-]{subsection.10.2.1}{\376\377\000F\000r\000e\000e\000\040\000R\000e\000s\000o\000u\000r\000c\000e\000s}{section.10.2}% 238
\BOOKMARK [2][-]{subsection.10.2.2}{\376\377\000P\000a\000i\000d\000\040\000R\000e\000s\000o\000u\000r\000c\000e\000s}{section.10.2}% 239
\BOOKMARK [1][-]{section.10.3}{\376\377\000T\000h\000i\000r\000d\000-\000P\000a\000r\000t\000y\000\040\000R\000e\000s\000o\000u\000r\000c\000e\000s}{chapter.10}% 240
\BOOKMARK [2][-]{subsection.10.3.1}{\376\377\000O\000n\000l\000i\000n\000e\000\040\000C\000o\000u\000r\000s\000e\000s}{section.10.3}% 241
\BOOKMARK [2][-]{subsection.10.3.2}{\376\377\000P\000r\000a\000c\000t\000i\000c\000e\000\040\000E\000x\000a\000m\000s}{section.10.3}% 242
\BOOKMARK [2][-]{subsection.10.3.3}{\376\377\000B\000o\000o\000k\000s}{section.10.3}% 243
\BOOKMARK [2][-]{subsection.10.3.4}{\376\377\000Y\000o\000u\000T\000u\000b\000e\000\040\000C\000h\000a\000n\000n\000e\000l\000s}{section.10.3}% 244
\BOOKMARK [1][-]{section.10.4}{\376\377\000H\000a\000n\000d\000s\000-\000O\000n\000\040\000P\000r\000a\000c\000t\000i\000c\000e}{chapter.10}% 245
\BOOKMARK [2][-]{subsection.10.4.1}{\376\377\000P\000r\000e\000r\000e\000q\000u\000i\000s\000i\000t\000e\000s}{section.10.4}% 246
\BOOKMARK [2][-]{subsection.10.4.2}{\376\377\000L\000a\000b\000\040\0001\000:\000\040\000S\000e\000t\000\040\000U\000p\000\040\000B\000i\000l\000l\000i\000n\000g\000\040\000A\000l\000e\000r\000t\000s\000\040\000a\000n\000d\000\040\000B\000u\000d\000g\000e\000t}{section.10.4}% 247
\BOOKMARK [2][-]{subsection.10.4.3}{\376\377\000L\000a\000b\000\040\0002\000:\000\040\000I\000A\000M\000\040\000U\000s\000e\000r\000s\000,\000\040\000G\000r\000o\000u\000p\000s\000,\000\040\000R\000o\000l\000e\000s\000,\000\040\000a\000n\000d\000\040\000M\000F\000A}{section.10.4}% 248
\BOOKMARK [2][-]{subsection.10.4.4}{\376\377\000L\000a\000b\000\040\0003\000:\000\040\000L\000a\000u\000n\000c\000h\000\040\000a\000n\000d\000\040\000C\000o\000n\000f\000i\000g\000u\000r\000e\000\040\000E\000C\0002\000\040\000I\000n\000s\000t\000a\000n\000c\000e}{section.10.4}% 249
\BOOKMARK [2][-]{subsection.10.4.5}{\376\377\000L\000a\000b\000\040\0004\000:\000\040\000A\000m\000a\000z\000o\000n\000\040\000S\0003\000\040\000S\000t\000o\000r\000a\000g\000e\000\040\000a\000n\000d\000\040\000W\000e\000b\000s\000i\000t\000e\000\040\000H\000o\000s\000t\000i\000n\000g}{section.10.4}% 250
\BOOKMARK [2][-]{subsection.10.4.6}{\376\377\000L\000a\000b\000\040\0005\000:\000\040\000V\000P\000C\000,\000\040\000S\000u\000b\000n\000e\000t\000s\000,\000\040\000a\000n\000d\000\040\000N\000e\000t\000w\000o\000r\000k\000\040\000C\000o\000n\000f\000i\000g\000u\000r\000a\000t\000i\000o\000n}{section.10.4}% 251
\BOOKMARK [2][-]{subsection.10.4.7}{\376\377\000L\000a\000b\000\040\0006\000:\000\040\000A\000m\000a\000z\000o\000n\000\040\000R\000D\000S\000\040\000D\000a\000t\000a\000b\000a\000s\000e}{section.10.4}% 252
\BOOKMARK [2][-]{subsection.10.4.8}{\376\377\000L\000a\000b\000\040\0007\000:\000\040\000C\000l\000o\000u\000d\000W\000a\000t\000c\000h\000\040\000M\000o\000n\000i\000t\000o\000r\000i\000n\000g\000\040\000a\000n\000d\000\040\000A\000l\000a\000r\000m\000s}{section.10.4}% 253
\BOOKMARK [2][-]{subsection.10.4.9}{\376\377\000L\000a\000b\000\040\0008\000:\000\040\000A\000W\000S\000\040\000C\000o\000s\000t\000\040\000M\000a\000n\000a\000g\000e\000m\000e\000n\000t\000\040\000T\000o\000o\000l\000s}{section.10.4}% 254
\BOOKMARK [2][-]{subsection.10.4.10}{\376\377\000L\000a\000b\000\040\0009\000:\000\040\000L\000a\000m\000b\000d\000a\000\040\000S\000e\000r\000v\000e\000r\000l\000e\000s\000s\000\040\000F\000u\000n\000c\000t\000i\000o\000n}{section.10.4}% 255
\BOOKMARK [2][-]{subsection.10.4.11}{\376\377\000L\000a\000b\000\040\0001\0000\000:\000\040\000C\000l\000o\000u\000d\000F\000o\000r\000m\000a\000t\000i\000o\000n\000\040\000I\000n\000f\000r\000a\000s\000t\000r\000u\000c\000t\000u\000r\000e\000\040\000a\000s\000\040\000C\000o\000d\000e}{section.10.4}% 256
\BOOKMARK [2][-]{subsection.10.4.12}{\376\377\000A\000d\000d\000i\000t\000i\000o\000n\000a\000l\000\040\000P\000r\000a\000c\000t\000i\000c\000e\000\040\000R\000e\000c\000o\000m\000m\000e\000n\000d\000a\000t\000i\000o\000n\000s}{section.10.4}% 257
\BOOKMARK [1][-]{section.10.5}{\376\377\000F\000i\000n\000a\000l\000\040\000P\000r\000e\000p\000a\000r\000a\000t\000i\000o\000n\000\040\000C\000h\000e\000c\000k\000l\000i\000s\000t}{chapter.10}% 258
\BOOKMARK [2][-]{subsection.10.5.1}{\376\377\000O\000n\000e\000\040\000W\000e\000e\000k\000\040\000B\000e\000f\000o\000r\000e}{section.10.5}% 259
\BOOKMARK [2][-]{subsection.10.5.2}{\376\377\000O\000n\000e\000\040\000D\000a\000y\000\040\000B\000e\000f\000o\000r\000e}{section.10.5}% 260
\BOOKMARK [2][-]{subsection.10.5.3}{\376\377\000E\000x\000a\000m\000\040\000D\000a\000y}{section.10.5}% 261
\BOOKMARK [1][-]{section.10.6}{\376\377\000A\000f\000t\000e\000r\000\040\000t\000h\000e\000\040\000E\000x\000a\000m}{chapter.10}% 262
\BOOKMARK [2][-]{subsection.10.6.1}{\376\377\000I\000m\000m\000e\000d\000i\000a\000t\000e\000\040\000N\000e\000x\000t\000\040\000S\000t\000e\000p\000s}{section.10.6}% 263
\BOOKMARK [2][-]{subsection.10.6.2}{\376\377\000M\000a\000i\000n\000t\000a\000i\000n\000i\000n\000g\000\040\000C\000e\000r\000t\000i\000f\000i\000c\000a\000t\000i\000o\000n}{section.10.6}% 264
\BOOKMARK [0][-]{chapter.11}{\376\377\000Q\000u\000i\000c\000k\000\040\000R\000e\000f\000e\000r\000e\000n\000c\000e}{}% 265
\BOOKMARK [1][-]{section.11.1}{\376\377\000S\000e\000r\000v\000i\000c\000e\000\040\000C\000h\000e\000a\000t\000\040\000S\000h\000e\000e\000t}{chapter.11}% 266
\BOOKMARK [2][-]{subsection.11.1.1}{\376\377\000C\000o\000m\000p\000u\000t\000e}{section.11.1}% 267
\BOOKMARK [2][-]{subsection.11.1.2}{\376\377\000S\000t\000o\000r\000a\000g\000e}{section.11.1}% 268
\BOOKMARK [2][-]{subsection.11.1.3}{\376\377\000D\000a\000t\000a\000b\000a\000s\000e}{section.11.1}% 269
\BOOKMARK [2][-]{subsection.11.1.4}{\376\377\000N\000e\000t\000w\000o\000r\000k\000i\000n\000g}{section.11.1}% 270
\BOOKMARK [2][-]{subsection.11.1.5}{\376\377\000S\000e\000c\000u\000r\000i\000t\000y}{section.11.1}% 271
\BOOKMARK [2][-]{subsection.11.1.6}{\376\377\000M\000a\000n\000a\000g\000e\000m\000e\000n\000t}{section.11.1}% 272
\BOOKMARK [1][-]{section.11.2}{\376\377\000A\000c\000r\000o\000n\000y\000m\000\040\000G\000u\000i\000d\000e}{chapter.11}% 273
\BOOKMARK [1][-]{section.11.3}{\376\377\000E\000x\000a\000m\000\040\000D\000a\000y\000\040\000R\000e\000m\000i\000n\000d\000e\000r\000s}{chapter.11}% 274
